SIESTA 1.3    -- [Release] (22 Jul 2003)
Architecture  : lahey-nolibs
Compiler flags: lf95 -O --warn --quiet --tpp --ntrace
SERIAL version

* Running in serial mode
>> Start of run:  28-JUL-2003  14:04:13

                           ***********************       
                           *  WELCOME TO SIESTA  *       
                           ***********************       

reinit: Reading from standard input
************************** Dump of input data file ****************************
# $Id: sih.out,v 1.5 2003/07/28 16:06:09 emilio Exp $
# -----------------------------------------------------------------------------
# FDF for interstitial H in a cubic c-Si supercell with 64 atoms
#
# E. Artacho, April 1999
# -----------------------------------------------------------------------------
SystemName          H in 64-atom silicon
SystemLabel         sih
NumberOfAtoms       65
NumberOfSpecies     2
%block ChemicalSpeciesLabel
 1  14  Si
 2   1  H
%endblock ChemicalSpeciesLabel
PAO.BasisSize       SZ
PAO.EnergyShift     300 meV
%block PAO.Basis
  H  1
  0  1
  0.
  0.8
%endblock PAO.Basis
LatticeConstant     5.430 Ang
%block LatticeVectors
  2.000  0.000  0.000
  0.000  2.000  0.000
  0.000  0.000  2.000
%endblock LatticeVectors
MeshCutoff          40.0 Ry
MaxSCFIterations    50
DM.MixingWeight      0.3
DM.NumberPulay       3
DM.Tolerance         1.d-3
DM.UseSaveDM
SolutionMethod       diagon
ElectronicTemperature  25 meV
MD.TypeOfRun         cg
MD.NumCGsteps        50
MD.MaxCGDispl         0.1  Ang
MD.MaxForceTol        0.04 eV/Ang
AtomicCoordinatesFormat  ScaledCartesian
%block AtomicCoordinatesAndAtomicSpecies
    0.000    0.000    0.000   1 #  Si  1
    0.250    0.250    0.250   1 #  Si  2
    0.000    0.500    0.500   1 #  Si  3
    0.250    0.750    0.750   1 #  Si  4
    0.500    0.000    0.500   1 #  Si  5
    0.750    0.250    0.750   1 #  Si  6
    0.500    0.500    0.000   1 #  Si  7
    0.750    0.750    0.250   1 #  Si  8
    1.000    0.000    0.000   1 #  Si  9
    1.250    0.250    0.250   1 #  Si 10
    1.000    0.500    0.500   1 #  Si 11
    1.250    0.750    0.750   1 #  Si 12
    1.500    0.000    0.500   1 #  Si 13
    1.750    0.250    0.750   1 #  Si 14
    1.500    0.500    0.000   1 #  Si 15
    1.750    0.750    0.250   1 #  Si 16
    0.000    1.000    0.000   1 #  Si 17
    0.250    1.250    0.250   1 #  Si 18
    0.000    1.500    0.500   1 #  Si 19
    0.250    1.750    0.750   1 #  Si 20
    0.500    1.000    0.500   1 #  Si 21
    0.750    1.250    0.750   1 #  Si 22
    0.500    1.500    0.000   1 #  Si 23
    0.750    1.750    0.250   1 #  Si 24
    0.000    0.000    1.000   1 #  Si 25
    0.250    0.250    1.250   1 #  Si 26
    0.000    0.500    1.500   1 #  Si 27
    0.250    0.750    1.750   1 #  Si 28
    0.500    0.000    1.500   1 #  Si 29
    0.750    0.250    1.750   1 #  Si 30
    0.500    0.500    1.000   1 #  Si 31
    0.750    0.750    1.250   1 #  Si 32
    1.000    1.000    0.000   1 #  Si 33
    1.250    1.250    0.250   1 #  Si 34
    1.000    1.500    0.500   1 #  Si 35
    1.250    1.750    0.750   1 #  Si 36
    1.500    1.000    0.500   1 #  Si 37
    1.750    1.250    0.750   1 #  Si 38
    1.500    1.500    0.000   1 #  Si 39
    1.750    1.750    0.250   1 #  Si 40
    1.000    0.000    1.000   1 #  Si 41
    1.250    0.250    1.250   1 #  Si 42
    1.000    0.500    1.500   1 #  Si 43
    1.250    0.750    1.750   1 #  Si 44
    1.500    0.000    1.500   1 #  Si 45
    1.750    0.250    1.750   1 #  Si 46
    1.500    0.500    1.000   1 #  Si 47
    1.750    0.750    1.250   1 #  Si 48
    0.000    1.000    1.000   1 #  Si 49
    0.250    1.250    1.250   1 #  Si 50
    0.000    1.500    1.500   1 #  Si 51
    0.250    1.750    1.750   1 #  Si 52
    0.500    1.000    1.500   1 #  Si 53
    0.750    1.250    1.750   1 #  Si 54
    0.500    1.500    1.000   1 #  Si 55
    0.750    1.750    1.250   1 #  Si 56
    1.000    1.000    1.000   1 #  Si 57
    1.250    1.250    1.250   1 #  Si 58
    1.000    1.500    1.500   1 #  Si 59
    1.250    1.750    1.750   1 #  Si 60
    1.500    1.000    1.500   1 #  Si 61
    1.750    1.250    1.750   1 #  Si 62
    1.500    1.500    1.000   1 #  Si 63
    1.750    1.750    1.250   1 #  Si 64
    1.125    1.125    1.125   2 #  H  65
%endblock AtomicCoordinatesAndAtomicSpecies
************************** End of input data file *****************************

reinit: -----------------------------------------------------------------------
reinit: System Name: H in 64-atom silicon                                       
reinit: -----------------------------------------------------------------------
reinit: System Label: sih                 
reinit: -----------------------------------------------------------------------

initatom: Reading input for the pseudopotentials and atomic orbitals ----------
 Species number:  1  Label: Si Atomic number: 14
 Species number:  2  Label: H Atomic number: 1
Ground state valence configuration:   3s02  3p02 
Reading pseudopotential information in formatted form from Si.psf
Ground state valence configuration:   1s01 
Reading pseudopotential information in formatted form from H.psf
For Si, standard SIESTA heuristics set lmxkb to 2
 (one more than the basis l, including polarization orbitals).
Use PS.lmax or PS.KBprojectors blocks to override.
For H, standard SIESTA heuristics set lmxkb to 1
 (one more than the basis l, including polarization orbitals).
Use PS.lmax or PS.KBprojectors blocks to override.

<basis_specs>
===============================================================================
Si                   Z=  14    Mass=  28.090        Charge=  0.0000    
Lmxo=1 Lmxkb=2     BasisType=split      Semic=F
L=0  Nsemic=0  Cnfigmx=3
          n=1  nzeta=1  polorb=0
               vcte:    0.0000    
               rinn:    0.0000    
                rcs:    0.0000    
            lambdas:    1.0000    
L=1  Nsemic=0  Cnfigmx=3
          n=1  nzeta=1  polorb=0
               vcte:    0.0000    
               rinn:    0.0000    
                rcs:    0.0000    
            lambdas:    1.0000    
-------------------------------------------------------------------------------
L=0  Nkbl=1  erefs: 0.17977+309
L=1  Nkbl=1  erefs: 0.17977+309
L=2  Nkbl=1  erefs: 0.17977+309
===============================================================================
</basis_specs>

atom: Called for Si  (Z =  14)

read_vps: Pseudopotential generation method:
read_vps: ATM3      Troullier-Martins                       

read_vps: Valence configuration (pseudopotential and basis set generation):
3s( 2.00) rc: 1.89
3p( 2.00) rc: 1.89
3d( 0.00) rc: 1.89
Total valence charge:    4.00000

xc_check: Exchange-correlation functional:
xc_check: Ceperley-Alder
V l=0 = -2*Zval/r beyond r=  2.5494
V l=1 = -2*Zval/r beyond r=  2.5494
V l=2 = -2*Zval/r beyond r=  2.5494
All V_l potentials equal beyond r=  1.8652
This should be close to max(r_c) in ps generation
All pots = -2*Zval/r beyond r=  2.5494
Using large-core scheme for Vlocal

atom: Estimated core radius    2.54944

atom: Including non-local core corrections could be a good idea
atom: Maximum radius for 4*pi*r*r*local-pseudopot. charge    2.85303
atom: Maximum radius for r*vlocal+2*Zval:    2.58151
GHOST: No ghost state for L =  0
GHOST: No ghost state for L =  1
GHOST: No ghost state for L =  2

KBgen: Kleinman-Bylander projectors: 
   l= 0   rc=  1.936440   el= -0.796617   Ekb=  4.661340   kbcos=  0.299756
   l= 1   rc=  1.936440   el= -0.307040   Ekb=  1.494238   kbcos=  0.301471
   l= 2   rc=  1.936440   el=  0.002313   Ekb= -2.808672   kbcos= -0.054903

KBgen: Total number of  Kleinman-Bylander projectors:    9
atom: -------------------------------------------------------------------------

atom: SANKEY-TYPE ORBITALS:

SPLIT: Orbitals with angular momentum L= 0

SPLIT: Basis orbitals for state 3s

SPLIT: PAO cut-off radius determinated from an
SPLIT: energy shift=  0.022049 Ry

   izeta = 1
                 lambda =    1.000000
                     rc =    4.883716
                 energy =   -0.773554
                kinetic =    0.585471
    potential(screened) =   -1.359025
       potential(ionic) =   -3.840954

SPLIT: Orbitals with angular momentum L= 1

SPLIT: Basis orbitals for state 3p

SPLIT: PAO cut-off radius determinated from an
SPLIT: energy shift=  0.022049 Ry

   izeta = 1
                 lambda =    1.000000
                     rc =    6.116033
                 energy =   -0.285742
                kinetic =    0.892202
    potential(screened) =   -1.177944
       potential(ionic) =   -3.446720
atom: Total number of Sankey-type orbitals:  4

atm_pop: Valence configuration(local Pseudopot. screening):
 3s( 2.00)                                                            
 3p( 2.00)                                                            
Vna: chval, zval:    4.00000   4.00000

Vna:  Cut-off radius for the neutral-atom potential:   6.116033

atom: _________________________________________________________________________

<basis_specs>
===============================================================================
H                    Z=   1    Mass=  1.0100        Charge=  0.0000    
Lmxo=0 Lmxkb=1     BasisType=split      Semic=F
L=0  Nsemic=0  Cnfigmx=1
          n=1  nzeta=1  polorb=0
               vcte:    0.0000    
               rinn:    0.0000    
                rcs:    0.0000    
            lambdas:   0.80000    
-------------------------------------------------------------------------------
L=0  Nkbl=1  erefs: 0.17977+309
L=1  Nkbl=1  erefs: 0.17977+309
===============================================================================
</basis_specs>

atom: Called for H   (Z =   1)

read_vps: Pseudopotential generation method:
read_vps: ATM3      Troullier-Martins                       

read_vps: Valence configuration (pseudopotential and basis set generation):
1s( 1.00) rc: 1.25
2p( 0.00) rc: 1.25
Total valence charge:    1.00000

xc_check: Exchange-correlation functional:
xc_check: Ceperley-Alder
V l=0 = -2*Zval/r beyond r=  1.2343
V l=1 = -2*Zval/r beyond r=  1.2189
All V_l potentials equal beyond r=  1.2343
This should be close to max(r_c) in ps generation
All pots = -2*Zval/r beyond r=  1.2343

VLOCAL1: 99.0% of the norm of Vloc inside     28.493 Ry
VLOCAL1: 99.9% of the norm of Vloc inside     64.935 Ry
atom: Maximum radius for 4*pi*r*r*local-pseudopot. charge    1.45251
atom: Maximum radius for r*vlocal+2*Zval:    1.21892
GHOST: No ghost state for L =  0
GHOST: No ghost state for L =  1

KBgen: Kleinman-Bylander projectors: 
   l= 0   rc=  1.364359   el= -0.467325   Ekb= -2.005361   kbcos= -0.336422
   l= 1   rc=  1.434438   el=  0.001430   Ekb= -0.501708   kbcos= -0.021697

KBgen: Total number of  Kleinman-Bylander projectors:    4
atom: -------------------------------------------------------------------------

atom: SANKEY-TYPE ORBITALS:

SPLIT: Orbitals with angular momentum L= 0

SPLIT: Basis orbitals for state 1s

SPLIT: PAO cut-off radius determinated from an
SPLIT: energy shift=  0.022049 Ry

   izeta = 1
                 lambda =    0.800000
                     rc =    4.718242
                 energy =   -0.396561
                kinetic =    1.341628
    potential(screened) =   -1.738188
       potential(ionic) =   -2.295884
atom: Total number of Sankey-type orbitals:  1

atm_pop: Valence configuration(local Pseudopot. screening):
 1s( 1.00)                                                            
Vna: chval, zval:    1.00000   1.00000

Vna:  Cut-off radius for the neutral-atom potential:   4.708991

atom: _________________________________________________________________________

prinput: Basis input ----------------------------------------------------------

PAO.BasisType split     

%block ChemicalSpeciesLabel
    1   14 Si                      # Species index, atomic number, species label
    2    1 H                       # Species index, atomic number, species label
%endblock ChemicalSpeciesLabel

%block PAO.Basis                 # Define Basis set
Si          2                    # Species label, number of l-shells
 n=3   0   1                         # n, l, Nzeta 
   4.884   
   1.000   
 n=3   1   1                         # n, l, Nzeta 
   6.116   
   1.000   
H           1                    # Species label, number of l-shells
 n=1   0   1                         # n, l, Nzeta 
   4.718   
   0.800   
%endblock PAO.Basis

prinput: ----------------------------------------------------------------------


siesta: ******************** Simulation parameters ****************************
siesta:
siesta: The following are some of the parameters of the simulation.
siesta: A complete list of the parameters used, including defect values,
siesta: can be found in file out.fdf
siesta:
coor:   Atomic-coordinates input format  =     Cartesian coordinates
coor:                                          (in units of alat)
redata: Number of spin components        =     1
redata: Long output                      =     F
redata: Number of Atomic Species         =     2
redata: Charge density info will appear in .RHO file
redata: Write Mulliken Pop.              =     NO
redata: Mesh Cutoff                      =    40.0000  Ry
redata: Net charge of the system         =     0.0000 |e|
redata: Max. number of SCF Iter          =    50
redata: One Pulay mixing every           =     3 iterations
redata: Mix DM in first SCF step ?       =     F
redata: Write Pulay info on disk?        =     F
redata: New DM Mixing Weight             =     0.3000
redata: No kicks to SCF
redata: DM Mixing Weight for Kicks       =     0.5000
redata: DM Tolerance for SCF             =     0.001000
redata: Use continuation files for DM    =     T
redata: Neglect nonoverlap interactions  =     F
redata: Method of Calculation            =     Diagonalization
redata: Divide and Conquer               =     F
redata: Electronic Temperature           =     0.0018  Ry
redata: Fix the spin of the system       =     F
redata: Dynamics option                  =     CG coord. optimization
redata: Variable cell                    =     F
redata: Use continuation files for CG    =     F
redata: Maximum number of CG moves       =    50
redata: Max atomic displ per move        =     0.1890  Bohr
redata: Force tolerance                  =     0.0016  Ry/Bohr
redata: ***********************************************************************

siesta: Atomic coordinates (Bohr) and species
siesta:      0.00000   0.00000   0.00000  1        1
siesta:      2.56530   2.56530   2.56530  1        2
siesta:      0.00000   5.13061   5.13061  1        3
siesta:      2.56530   7.69591   7.69591  1        4
siesta:      5.13061   0.00000   5.13061  1        5
siesta:      7.69591   2.56530   7.69591  1        6
siesta:      5.13061   5.13061   0.00000  1        7
siesta:      7.69591   7.69591   2.56530  1        8
siesta:     10.26122   0.00000   0.00000  1        9
siesta:     12.82652   2.56530   2.56530  1       10
siesta:     10.26122   5.13061   5.13061  1       11
siesta:     12.82652   7.69591   7.69591  1       12
siesta:     15.39183   0.00000   5.13061  1       13
siesta:     17.95713   2.56530   7.69591  1       14
siesta:     15.39183   5.13061   0.00000  1       15
siesta:     17.95713   7.69591   2.56530  1       16
siesta:      0.00000  10.26122   0.00000  1       17
siesta:      2.56530  12.82652   2.56530  1       18
siesta:      0.00000  15.39183   5.13061  1       19
siesta:      2.56530  17.95713   7.69591  1       20
siesta:      5.13061  10.26122   5.13061  1       21
siesta:      7.69591  12.82652   7.69591  1       22
siesta:      5.13061  15.39183   0.00000  1       23
siesta:      7.69591  17.95713   2.56530  1       24
siesta:      0.00000   0.00000  10.26122  1       25
siesta:      2.56530   2.56530  12.82652  1       26
siesta:      0.00000   5.13061  15.39183  1       27
siesta:      2.56530   7.69591  17.95713  1       28
siesta:      5.13061   0.00000  15.39183  1       29
siesta:      7.69591   2.56530  17.95713  1       30
siesta:      5.13061   5.13061  10.26122  1       31
siesta:      7.69591   7.69591  12.82652  1       32
siesta:     10.26122  10.26122   0.00000  1       33
siesta:     12.82652  12.82652   2.56530  1       34
siesta:     10.26122  15.39183   5.13061  1       35
siesta:     12.82652  17.95713   7.69591  1       36
siesta:     15.39183  10.26122   5.13061  1       37
siesta:     17.95713  12.82652   7.69591  1       38
siesta:     15.39183  15.39183   0.00000  1       39
siesta:     17.95713  17.95713   2.56530  1       40
siesta:     10.26122   0.00000  10.26122  1       41
siesta:     12.82652   2.56530  12.82652  1       42
siesta:     10.26122   5.13061  15.39183  1       43
siesta:     12.82652   7.69591  17.95713  1       44
siesta:     15.39183   0.00000  15.39183  1       45
siesta:     17.95713   2.56530  17.95713  1       46
siesta:     15.39183   5.13061  10.26122  1       47
siesta:     17.95713   7.69591  12.82652  1       48
siesta:      0.00000  10.26122  10.26122  1       49
siesta:      2.56530  12.82652  12.82652  1       50
siesta:      0.00000  15.39183  15.39183  1       51
siesta:      2.56530  17.95713  17.95713  1       52
siesta:      5.13061  10.26122  15.39183  1       53
siesta:      7.69591  12.82652  17.95713  1       54
siesta:      5.13061  15.39183  10.26122  1       55
siesta:      7.69591  17.95713  12.82652  1       56
siesta:     10.26122  10.26122  10.26122  1       57
siesta:     12.82652  12.82652  12.82652  1       58
siesta:     10.26122  15.39183  15.39183  1       59
siesta:     12.82652  17.95713  17.95713  1       60
siesta:     15.39183  10.26122  15.39183  1       61
siesta:     17.95713  12.82652  17.95713  1       62
siesta:     15.39183  15.39183  10.26122  1       63
siesta:     17.95713  17.95713  12.82652  1       64
siesta:     11.54387  11.54387  11.54387  2       65

initatomlists: Number of atoms, orbitals, and projectors:     65   257   580

siesta: System type = bulk      
 
* Maximum dynamic memory allocated =     2 MB

siesta:                 ==============================
                            Begin CG move =      0
                        ==============================

InitMesh: MESH =    48 x    48 x    48 =      110592
InitMesh: Mesh cutoff (required, used) =    40.000    53.991 Ry
 
* Maximum dynamic memory allocated =    28 MB

stepf: Fermi-Dirac step function

siesta: Program's energy decomposition (eV):
siesta: Eions   =     12205.375277
siesta: Ena     =      3677.554548
siesta: Ekin    =      2591.199431
siesta: Enl     =      1150.368408
siesta: DEna    =         0.000011
siesta: DUscf   =         0.000000
siesta: DUext   =         0.000000
siesta: Exc     =     -2083.290198
siesta: eta*DQ  =         0.000000
siesta: Emadel  =         0.000000
siesta: Eharris =     -6847.408198
siesta: Etot    =     -6869.543078
siesta: FreeEng =     -6869.543078

siesta: iscf   Eharris(eV)      E_KS(eV)   FreeEng(eV)   dDmax  Ef(eV)
siesta:    1    -6847.4082    -6869.5431    -6869.5431  1.0410 -2.0995
timer: Routine,Calls,Time,% = IterSCF        1      10.020  86.01
siesta:    2    -6848.5321    -6844.5897    -6844.6524  0.7386 -3.6120
siesta:    3    -6846.0153    -6845.8287    -6845.8634  0.1880 -2.2220
siesta:    4    -6845.5677    -6844.8994    -6844.9562  0.1452 -2.4521
siesta:    5    -6845.5503    -6845.3413    -6845.3760  0.1230 -2.4204
siesta:    6    -6845.5491    -6845.2591    -6845.2938  0.1079 -2.4155
siesta:    7    -6845.5371    -6845.4221    -6845.4569  0.0227 -2.3372
siesta:    8    -6845.5353    -6845.4182    -6845.4537  0.0061 -2.3613
siesta:    9    -6845.5351    -6845.4678    -6845.5029  0.0067 -2.3538
siesta:   10    -6845.5350    -6845.4883    -6845.5235  0.0026 -2.3574
siesta:   11    -6845.5351    -6845.5108    -6845.5460  0.0014 -2.3573
siesta:   12    -6845.5350    -6845.5335    -6845.5686  0.0007 -2.3583

siesta: E_KS(eV) =            -6845.5326

siesta: E_KS - E_eggbox =     -6845.5326

siesta: Atomic forces (eV/Ang):
----------------------------------------
 Tot    0.001709    0.001711    0.001726
----------------------------------------
 Max    9.574433
 Res    1.680535    sqrt( Sum f_i^2 / 3N )
----------------------------------------
 Max    9.574433    constrained
 
* Maximum dynamic memory allocated =    28 MB

siesta:                 ==============================
                            Begin CG move =      1
                        ==============================

siesta: iscf   Eharris(eV)      E_KS(eV)   FreeEng(eV)   dDmax  Ef(eV)
siesta:    1    -6847.7443    -6846.8816    -6846.9168  0.3090 -2.3157
siesta:    2    -6850.1366    -6846.8306    -6846.8657  0.4743 -3.7361
siesta:    3    -6847.5467    -6847.0180    -6847.0575  0.1171 -2.5368
siesta:    4    -6847.5461    -6847.1507    -6847.1853  0.0903 -2.5409
siesta:    5    -6847.5437    -6847.5795    -6847.6141  0.0115 -2.5163
siesta:    6    -6847.5434    -6847.5590    -6847.5937  0.0078 -2.5259
siesta:    7    -6847.5434    -6847.5782    -6847.6129  0.0033 -2.5234
siesta:    8    -6847.5433    -6847.5611    -6847.5958  0.0023 -2.5258
siesta:    9    -6847.5434    -6847.5497    -6847.5843  0.0010 -2.5256

siesta: E_KS(eV) =            -6847.5442

siesta: Atomic forces (eV/Ang):
----------------------------------------
 Tot    0.014056    0.007347    0.020667
----------------------------------------
 Max    6.927717
 Res    1.216253    sqrt( Sum f_i^2 / 3N )
----------------------------------------
 Max    6.927717    constrained
 
* Maximum dynamic memory allocated =    28 MB

siesta:                 ==============================
                            Begin CG move =      2
                        ==============================

siesta: iscf   Eharris(eV)      E_KS(eV)   FreeEng(eV)   dDmax  Ef(eV)
siesta:    1    -6849.9026    -6848.6159    -6848.6506  0.3255 -2.4835
siesta:    2    -6853.2757    -6848.6861    -6848.7208  0.5413 -3.8202
siesta:    3    -6849.6319    -6848.8120    -6848.8755  0.1423 -2.7550
siesta:    4    -6849.6263    -6849.0626    -6849.0973  0.0844 -2.7959
siesta:    5    -6849.6252    -6849.6181    -6849.6527  0.0094 -2.8157
siesta:    6    -6849.6246    -6849.6420    -6849.6766  0.0029 -2.7970
siesta:    7    -6849.6245    -6849.6372    -6849.6719  0.0015 -2.7965
siesta:    8    -6849.6245    -6849.6277    -6849.6624  0.0010 -2.7944

siesta: E_KS(eV) =            -6849.6265

siesta: Atomic forces (eV/Ang):
----------------------------------------
 Tot    0.008674    0.004568    0.012726
----------------------------------------
 Max    3.845570
 Res    0.681715    sqrt( Sum f_i^2 / 3N )
----------------------------------------
 Max    3.845570    constrained
 
* Maximum dynamic memory allocated =    28 MB

siesta:                 ==============================
                            Begin CG move =      3
                        ==============================

siesta: iscf   Eharris(eV)      E_KS(eV)   FreeEng(eV)   dDmax  Ef(eV)
siesta:    1    -6851.0541    -6849.9917    -6850.0264  0.2395 -2.8897
siesta:    2    -6852.2774    -6850.5285    -6850.5631  0.3388 -3.8710
siesta:    3    -6850.9347    -6850.2714    -6850.3408  0.1072 -3.0361
siesta:    4    -6850.9218    -6850.5663    -6850.6010  0.0294 -3.0945
siesta:    5    -6850.9204    -6850.7417    -6850.7763  0.0079 -3.1092
siesta:    6    -6850.9199    -6850.8859    -6850.9206  0.0047 -3.1291
siesta:    7    -6850.9199    -6850.9167    -6850.9513  0.0015 -3.1230
siesta:    8    -6850.9198    -6850.9242    -6850.9589  0.0010 -3.1282

siesta: E_KS(eV) =            -6850.9246

siesta: Atomic forces (eV/Ang):
----------------------------------------
 Tot    0.004522    0.002441    0.006573
----------------------------------------
 Max    0.786952
 Res    0.241443    sqrt( Sum f_i^2 / 3N )
----------------------------------------
 Max    0.786952    constrained
 
* Maximum dynamic memory allocated =    28 MB

siesta:                 ==============================
                            Begin CG move =      4
                        ==============================

siesta: iscf   Eharris(eV)      E_KS(eV)   FreeEng(eV)   dDmax  Ef(eV)
siesta:    1    -6850.8259    -6850.6800    -6850.7147  0.0806 -3.4798
siesta:    2    -6850.9495    -6850.7507    -6850.7853  0.0565 -3.0886
siesta:    3    -6850.8039    -6850.7378    -6850.7725  0.0286 -3.3874
siesta:    4    -6850.8013    -6850.7745    -6850.8092  0.0069 -3.3470
siesta:    5    -6850.8010    -6850.7854    -6850.8201  0.0020 -3.3568
siesta:    6    -6850.8009    -6850.7909    -6850.8256  0.0008 -3.3571

siesta: E_KS(eV) =            -6850.7960

siesta: Atomic forces (eV/Ang):
----------------------------------------
 Tot    0.002949    0.001673    0.004214
----------------------------------------
 Max    0.925097
 Res    0.325230    sqrt( Sum f_i^2 / 3N )
----------------------------------------
 Max    0.925097    constrained
 
* Maximum dynamic memory allocated =    28 MB

siesta:                 ==============================
                            Begin CG move =      5
                        ==============================

siesta: iscf   Eharris(eV)      E_KS(eV)   FreeEng(eV)   dDmax  Ef(eV)
siesta:    1    -6851.0212    -6851.0789    -6851.1136  0.0323 -3.1159
siesta:    2    -6851.1898    -6850.9349    -6850.9696  0.0704 -3.5841
siesta:    3    -6850.9975    -6851.0214    -6851.0560  0.0204 -3.2286
siesta:    4    -6850.9970    -6850.9909    -6851.0255  0.0086 -3.2514
siesta:    5    -6850.9968    -6850.9903    -6851.0249  0.0028 -3.2436
siesta:    6    -6850.9968    -6850.9929    -6851.0276  0.0011 -3.2431
siesta:    7    -6850.9968    -6850.9948    -6851.0295  0.0002 -3.2417

siesta: E_KS(eV) =            -6850.9954

siesta: Atomic forces (eV/Ang):
----------------------------------------
 Tot    0.003589    0.001973    0.005186
----------------------------------------
 Max    0.773122
 Res    0.240366    sqrt( Sum f_i^2 / 3N )
----------------------------------------
 Max    0.773122    constrained

cgvc: Finished line minimization    1.  Mean atomic displacement =    0.1024
 
* Maximum dynamic memory allocated =    28 MB

siesta:                 ==============================
                            Begin CG move =      6
                        ==============================

siesta: iscf   Eharris(eV)      E_KS(eV)   FreeEng(eV)   dDmax  Ef(eV)
siesta:    1    -6851.0382    -6851.2813    -6851.3160  0.2046 -3.3751
siesta:    2    -6852.4734    -6850.1373    -6850.1719  0.3282 -2.2728
siesta:    3    -6850.7555    -6850.9474    -6851.0284  0.0656 -3.0023
siesta:    4    -6850.7420    -6850.8452    -6850.8799  0.0346 -2.9568
siesta:    5    -6850.7393    -6850.6740    -6850.7086  0.0067 -2.9346
siesta:    6    -6850.7383    -6850.7014    -6850.7361  0.0016 -2.9353
siesta:    7    -6850.7382    -6850.7156    -6850.7503  0.0014 -2.9425
siesta:    8    -6850.7382    -6850.7246    -6850.7592  0.0005 -2.9382

siesta: E_KS(eV) =            -6850.7326

siesta: Atomic forces (eV/Ang):
----------------------------------------
 Tot   -0.000367    0.000241   -0.000977
----------------------------------------
 Max    1.071314
 Res    0.364882    sqrt( Sum f_i^2 / 3N )
----------------------------------------
 Max    1.071314    constrained
 
* Maximum dynamic memory allocated =    28 MB

siesta:                 ==============================
                            Begin CG move =      7
                        ==============================

siesta: iscf   Eharris(eV)      E_KS(eV)   FreeEng(eV)   dDmax  Ef(eV)
siesta:    1    -6851.3753    -6850.9748    -6851.0095  0.1236 -2.8575
siesta:    2    -6851.8942    -6851.0358    -6851.0704  0.1684 -3.8001
siesta:    3    -6851.2719    -6851.0707    -6851.1092  0.0289 -3.0883
siesta:    4    -6851.2698    -6851.1781    -6851.2128  0.0136 -3.1104
siesta:    5    -6851.2691    -6851.2771    -6851.3118  0.0030 -3.0938
siesta:    6    -6851.2691    -6851.2818    -6851.3165  0.0017 -3.0979
siesta:    7    -6851.2690    -6851.2780    -6851.3126  0.0007 -3.0965

siesta: E_KS(eV) =            -6851.2750

siesta: Atomic forces (eV/Ang):
----------------------------------------
 Tot   -0.001781   -0.000690   -0.002867
----------------------------------------
 Max    0.208960
 Res    0.103780    sqrt( Sum f_i^2 / 3N )
----------------------------------------
 Max    0.208960    constrained

cgvc: Finished line minimization    2.  Mean atomic displacement =    0.0460
 
* Maximum dynamic memory allocated =    28 MB

siesta:                 ==============================
                            Begin CG move =      8
                        ==============================

siesta: iscf   Eharris(eV)      E_KS(eV)   FreeEng(eV)   dDmax  Ef(eV)
siesta:    1    -6851.2679    -6851.3560    -6851.3907  0.0295 -3.1136
siesta:    2    -6851.4187    -6851.1478    -6851.1825  0.0482 -2.8366
siesta:    3    -6851.2273    -6851.2870    -6851.3217  0.0109 -3.0505
siesta:    4    -6851.2256    -6851.2515    -6851.2862  0.0043 -3.0438
siesta:    5    -6851.2251    -6851.2375    -6851.2722  0.0016 -3.0562
siesta:    6    -6851.2251    -6851.2324    -6851.2671  0.0008 -3.0536

siesta: E_KS(eV) =            -6851.2292

siesta: Atomic forces (eV/Ang):
----------------------------------------
 Tot   -0.005827   -0.005891   -0.005747
----------------------------------------
 Max    0.335392
 Res    0.157555    sqrt( Sum f_i^2 / 3N )
----------------------------------------
 Max    0.335392    constrained
 
* Maximum dynamic memory allocated =    28 MB

siesta:                 ==============================
                            Begin CG move =      9
                        ==============================

siesta: iscf   Eharris(eV)      E_KS(eV)   FreeEng(eV)   dDmax  Ef(eV)
siesta:    1    -6851.3332    -6851.2623    -6851.2969  0.0170 -3.0433
siesta:    2    -6851.3845    -6851.2914    -6851.3261  0.0264 -3.2184
siesta:    3    -6851.3189    -6851.2845    -6851.3191  0.0063 -3.0801
siesta:    4    -6851.3184    -6851.3120    -6851.3466  0.0023 -3.0818
siesta:    5    -6851.3182    -6851.3199    -6851.3545  0.0010 -3.0760

siesta: E_KS(eV) =            -6851.3202

siesta: Atomic forces (eV/Ang):
----------------------------------------
 Tot    0.000589    0.004451   -0.003198
----------------------------------------
 Max    0.112617
 Res    0.053975    sqrt( Sum f_i^2 / 3N )
----------------------------------------
 Max    0.112617    constrained

cgvc: Finished line minimization    3.  Mean atomic displacement =    0.0190
 
* Maximum dynamic memory allocated =    28 MB

siesta:                 ==============================
                            Begin CG move =     10
                        ==============================

siesta: iscf   Eharris(eV)      E_KS(eV)   FreeEng(eV)   dDmax  Ef(eV)
siesta:    1    -6851.3260    -6851.3156    -6851.3502  0.0227 -3.0676
siesta:    2    -6851.3331    -6851.3065    -6851.3412  0.0204 -3.1398
siesta:    3    -6851.3173    -6851.3148    -6851.3494  0.0042 -3.0991
siesta:    4    -6851.3171    -6851.3161    -6851.3507  0.0012 -3.0929
siesta:    5    -6851.3170    -6851.3167    -6851.3513  0.0005 -3.0973

siesta: E_KS(eV) =            -6851.3168

siesta: Atomic forces (eV/Ang):
----------------------------------------
 Tot    0.001552   -0.001104    0.004184
----------------------------------------
 Max    0.209833
 Res    0.071944    sqrt( Sum f_i^2 / 3N )
----------------------------------------
 Max    0.209833    constrained
 
* Maximum dynamic memory allocated =    28 MB

siesta:                 ==============================
                            Begin CG move =     11
                        ==============================

siesta: iscf   Eharris(eV)      E_KS(eV)   FreeEng(eV)   dDmax  Ef(eV)
siesta:    1    -6851.3354    -6851.3345    -6851.3692  0.0113 -3.1006
siesta:    2    -6851.3372    -6851.3303    -6851.3649  0.0105 -3.0635
siesta:    3    -6851.3331    -6851.3332    -6851.3679  0.0021 -3.0849
siesta:    4    -6851.3330    -6851.3329    -6851.3676  0.0006 -3.0875

siesta: E_KS(eV) =            -6851.3330

siesta: Atomic forces (eV/Ang):
----------------------------------------
 Tot    0.001441   -0.002061    0.004911
----------------------------------------
 Max    0.051847
 Res    0.025309    sqrt( Sum f_i^2 / 3N )
----------------------------------------
 Max    0.051847    constrained

cgvc: Finished line minimization    4.  Mean atomic displacement =    0.0094
 
* Maximum dynamic memory allocated =    28 MB

siesta:                 ==============================
                            Begin CG move =     12
                        ==============================

siesta: iscf   Eharris(eV)      E_KS(eV)   FreeEng(eV)   dDmax  Ef(eV)
siesta:    1    -6851.3357    -6851.3515    -6851.3861  0.0041 -3.0689
siesta:    2    -6851.3380    -6851.3316    -6851.3663  0.0079 -3.1046
siesta:    3    -6851.3340    -6851.3411    -6851.3757  0.0018 -3.0843
siesta:    4    -6851.3340    -6851.3348    -6851.3695  0.0004 -3.0828

siesta: E_KS(eV) =            -6851.3342

siesta: Atomic forces (eV/Ang):
----------------------------------------
 Tot   -0.005740   -0.002655   -0.008749
----------------------------------------
 Max    0.080141
 Res    0.029212    sqrt( Sum f_i^2 / 3N )
----------------------------------------
 Max    0.080141    constrained
 
* Maximum dynamic memory allocated =    28 MB

siesta:                 ==============================
                            Begin CG move =     13
                        ==============================

siesta: iscf   Eharris(eV)      E_KS(eV)   FreeEng(eV)   dDmax  Ef(eV)
siesta:    1    -6851.3365    -6851.3288    -6851.3635  0.0018 -3.0920
siesta:    2    -6851.3369    -6851.3358    -6851.3704  0.0037 -3.0747
siesta:    3    -6851.3362    -6851.3329    -6851.3676  0.0007 -3.0851

siesta: E_KS(eV) =            -6851.3358

siesta: Atomic forces (eV/Ang):
----------------------------------------
 Tot   -0.001714   -0.001789   -0.001648
----------------------------------------
 Max    0.031312
 Res    0.013957    sqrt( Sum f_i^2 / 3N )
----------------------------------------
 Max    0.031312    constrained

outcoor: Relaxed atomic coordinates (scaled):               
   -0.00034678   -0.00034678   -0.00034676   1  Si         1
    0.25034731    0.25034732    0.25034732   1  Si         2
    0.00023974    0.50094340    0.50094340   1  Si         3
    0.25174276    0.75040239    0.75040232   1  Si         4
    0.50094340    0.00023975    0.50094341   1  Si         5
    0.75040236    0.25174274    0.75040235   1  Si         6
    0.50094339    0.50094340    0.00023972   1  Si         7
    0.75040231    0.75040236    0.25174281   1  Si         8
    1.00039222    0.00147533    0.00147534   1  Si         9
    1.24960860    0.24852729    0.24852728   1  Si        10
    1.00022116    0.49631015    0.49631017   1  Si        11
    1.25577380    0.74030091    0.74030095   1  Si        12
    1.50000632    0.00094435    0.49881000   1  Si        13
    1.75119086    0.24905617    0.74999452   1  Si        14
    1.50000619    0.49881004    0.00094428   1  Si        15
    1.75119081    0.74999444    0.24905615   1  Si        16
    0.00147551    1.00039212    0.00147553   1  Si        17
    0.24852745    1.24960853    0.24852744   1  Si        18
    0.00094431    1.50000628    0.49880996   1  Si        19
    0.24905615    1.75119089    0.74999446   1  Si        20
    0.49631056    1.00022165    0.49631057   1  Si        21
    0.74030065    1.25577342    0.74030070   1  Si        22
    0.49881000    1.50000623    0.00094430   1  Si        23
    0.74999442    1.75119086    0.24905616   1  Si        24
    0.00147518    0.00147518    1.00039232   1  Si        25
    0.24852713    0.24852713    1.24960877   1  Si        26
    0.00094430    0.49881007    1.50000625   1  Si        27
    0.24905618    0.74999453    1.75119080   1  Si        28
    0.49881004    0.00094436    1.50000630   1  Si        29
    0.74999455    0.24905620    1.75119082   1  Si        30
    0.49630976    0.49630976    1.00022071   1  Si        31
    0.74030119    0.74030119    1.25577419   1  Si        32
    0.99971099    0.99971097    0.00133825   1  Si        33
    1.25028781    1.25028779    0.24866757   1  Si        34
    1.00153348    1.50114695    0.49775517   1  Si        35
    1.24846731    1.75224589    0.74885369   1  Si        36
    1.50114694    1.00153342    0.49775511   1  Si        37
    1.75224585    1.24846731    0.74885371   1  Si        38
    1.49959827    1.49959829   -0.00174209   1  Si        39
    1.74905683    1.74905684    0.24976043   1  Si        40
    0.99971095    0.00133827    0.99971099   1  Si        41
    1.25028777    0.24866757    1.25028777   1  Si        42
    1.00153336    0.49775514    1.50114689   1  Si        43
    1.24846742    0.74885372    1.75224591   1  Si        44
    1.49959831   -0.00174216    1.49959827   1  Si        45
    1.74905683    0.24976043    1.74905685   1  Si        46
    1.50114693    0.49775519    1.00153340   1  Si        47
    1.75224593    0.74885372    1.24846742   1  Si        48
    0.00133828    0.99971094    0.99971101   1  Si        49
    0.24866754    1.25028776    1.25028781   1  Si        50
   -0.00174212    1.49959831    1.49959827   1  Si        51
    0.24976042    1.74905685    1.74905685   1  Si        52
    0.49775510    1.00153336    1.50114691   1  Si        53
    0.74885374    1.24846737    1.75224585   1  Si        54
    0.49775519    1.50114694    1.00153348   1  Si        55
    0.74885372    1.75224592    1.24846736   1  Si        56
    0.95148772    0.95148765    0.95148778   1  Si        57
    1.29853287    1.29853278    1.29853295   1  Si        58
    0.99422605    1.50970223    1.50970227   1  Si        59
    1.24978172    1.75369274    1.75369280   1  Si        60
    1.50970199    0.99422564    1.50970201   1  Si        61
    1.75369315    1.24978217    1.75369317   1  Si        62
    1.50970251    1.50970249    0.99422644   1  Si        63
    1.75369235    1.75369235    1.24978124   1  Si        64
    1.12500537    1.12500545    1.12500530   2  H         65

siesta: Eigenvalues (eV):
  ik is    eps
   1  1 -16.25 -15.32 -15.26 -15.26 -15.24 -15.24 -15.23 -14.35 -14.34 -14.28
        -14.28 -14.28 -14.28 -14.27 -14.27 -14.27 -14.24 -14.24 -14.20 -13.94
        -13.93 -13.93 -13.92 -12.21 -12.17 -12.15 -12.15 -12.09 -12.09 -11.98
        -11.98 -11.97 -11.96 -11.95 -11.95 -11.95 -11.93 -11.93 -11.93 -11.91
        -11.91 -11.36 -11.34 -11.27 -11.27  -9.82  -9.78  -9.74  -9.74  -9.73
         -9.73  -9.71  -9.69  -9.69  -9.69  -9.69  -9.69  -8.70  -8.17  -8.17
         -8.16  -8.16  -8.12  -8.11  -8.11  -8.10  -8.10  -8.04  -8.04  -8.04
         -8.04  -8.03  -8.03  -8.02  -8.02  -8.02  -8.02  -8.02  -8.02  -7.82
         -7.82  -7.76  -7.76  -7.76  -7.71  -7.69  -7.69  -7.18  -7.13  -7.13
         -7.09  -7.08  -7.08  -6.20  -6.14  -6.14  -6.13  -6.13  -6.11  -6.09
         -6.08  -6.05  -6.05  -6.03  -6.03  -5.66  -5.59  -5.59  -5.58  -5.58
         -5.55  -5.54  -5.53  -5.50  -5.50  -5.46  -5.46  -5.43  -5.43  -5.43
         -5.39  -5.39  -5.38  -5.36  -5.36  -3.98  -3.97  -3.97  -3.09  -2.15
         -2.12  -2.12  -2.06  -2.06  -2.06  -2.05  -1.89  -1.89  -1.68  -1.63
         -1.44  -1.44  -1.34  -1.34  -1.09  -0.98  -0.97  -0.97  -0.76  -0.57
         -0.49  -0.49  -0.48  -0.46  -0.46  -0.46  -0.43  -0.43  -0.15  -0.15
          0.70   1.10   1.10   1.10   1.12   1.13   1.13   1.17   1.22   1.22
          1.30   1.30   1.52   1.52   1.58   1.68   1.68   1.77   1.78   1.79
          1.79   1.80   1.83   1.83   1.96   1.96   1.96   2.00   2.10   2.14
          2.14   2.16   2.16   2.27   2.36   2.36   2.47   2.47   2.83   3.11
          3.11   3.13   3.13   3.14   3.14   3.16   3.21   3.21   3.23   3.23
          3.42   3.47   3.59   3.59   3.59   3.61   3.61   3.63   3.63   3.68
          3.68   3.70   3.98   4.14   4.14   4.23   4.30   4.30   4.31   4.33
          4.33   4.38   4.39   4.39   4.40   4.45   4.47   4.47   4.51   4.51
          4.54   4.64   4.89   4.89   5.24   5.24   7.02   7.02   7.03   7.05
          7.11   7.11   7.97   8.09   8.21   8.21  10.21
siesta: Fermi energy =      -3.085134 eV

siesta: Program's energy decomposition (eV):
siesta:-Eions   =  -12205.375277
siesta: Ena     =    3675.791938
siesta: Ekin    =    2573.417789
siesta: Enl     =     951.657680
siesta: DEna    =     213.822763
siesta: DUscf   =       5.345333
siesta: DUext   =       0.000000
siesta: Exc     =   -2065.996014
siesta: eta*DQ  =       0.000000
siesta: Emadel  =       0.000000
siesta: Ekinion =       0.000000
siesta: Eharris =   -6851.336227
siesta: Etot    =   -6851.335789
siesta: FreeEng =   -6851.370446

siesta: Final energy (eV):
siesta:       Kinetic =    2573.417789
siesta:       Hartree =     405.719290
siesta:    Ext. field =       0.000000
siesta:   Exch.-corr. =   -2065.996014
siesta:  Ion-electron =   -3075.624622
siesta:       Ion-ion =   -4688.852232
siesta:       Ekinion =       0.000000
siesta:         Total =   -6851.335789

siesta: Stress tensor (static) (eV/Ang**3):
siesta:    -0.043548   -0.001737   -0.001737
siesta:    -0.001737   -0.043548   -0.001737
siesta:    -0.001737   -0.001737   -0.043548

siesta: Cell volume =       1280.824056 Ang**3

siesta: Pressure (static):
siesta:                Solid            Molecule  Units
siesta:           0.00047429          0.00047149  Ry/Bohr**3
siesta:           0.04354756          0.04329023  eV/Ang**3
siesta:          69.77163708         69.35934509  kBar
 
* Maximum dynamic memory allocated : Node    0 =    28 MB
* Maximum memory occured during poison                        

timer: CPU execution times:
timer:  Routine       Calls   Time/call    Tot.time        %
timer:  siesta            1     674.480     674.480   100.00
timer:  Setup             1       0.720       0.720     0.11
timer:  bands             1       0.010       0.010     0.00
timer:  writewave         1       0.000       0.000     0.00
timer:  KSV_init          1       0.000       0.000     0.00
timer:  IterMD           14      48.125     673.750    99.89
timer:  hsparse          15       0.353       5.300     0.79
timer:  overfsm          28       0.109       3.060     0.45
timer:  IterSCF         106       6.287     666.390    98.80
timer:  kinefsm          28       0.109       3.050     0.45
timer:  nlefsm           28       0.825      23.110     3.43
timer:  DHSCF           106       3.567     378.060    56.05
timer:  DHSCF1            1       0.110       0.110     0.02
timer:  DHSCF2           14       3.667      51.340     7.61
timer:  REORD           664       0.004       2.550     0.38
timer:  POISON          120       0.153      18.380     2.73
timer:  DHSCF3          106       2.338     247.800    36.74
timer:  rhoofd          106       1.155     122.420    18.15
timer:  CELLXC          106       0.224      23.780     3.53
timer:  vmat            106       0.750      79.500    11.79
timer:  diagon           92       2.732     251.370    37.27
timer:  rdiag            92       1.341     123.400    18.30
timer:  DHSCF4           14       5.581      78.130    11.58
timer:  dfscf            14       4.731      66.240     9.82
  
>> End of run:  28-JUL-2003  14:21:10
