
 *** MONS compatibility mode ***

 ATM3      23-JUL-97            Carbon                                      
*********************

 C  pseudopotential generation
 -----------------------------

 correlation = ca   nonspin-polarized

 nuclear charge             =  6.000000
 number of core orbitals    =  1
 number of valence orbitals =  4
 electronic charge          =  6.000000
 ionic charge               =  0.000000


 input data for orbitals

  i    n    l    s     j     occ

  1    1    0   0.0   0.0    2.0000
  2    2    0   0.0   0.0    2.0000
  3    2    1   0.0   0.0    2.0000
  4    3    2   0.0   0.0    0.0000
  5    4    3   0.0   0.0    0.0000


 radial grid parameters

 r(1) = .0 , r(2) =0.520E-05 , ... , r(1007) = 119.491
 a =  6.000  b =  80.000


 n = 1  l = 0  s = 0.0
        a extr         1.722
        r extr         0.175
        r zero    
        r 90/99 %      0.488   0.795

 n = 2  l = 0  s = 0.0
        a extr         0.352  -0.815
        r extr         0.139   1.216
        r zero         0.379
        r 90/99 %      2.542   3.889

 n = 2  l = 1  s = 0.0
        a extr         0.707
        r extr         1.191
        r zero    
        r 90/99 %      3.105   5.120

 n = 3  l = 2  s = 0.0
        a extr         0.205
        r extr       111.620
        r zero    
        r 90/99 %    118.006 119.491
        WARNING:  This orbital is not bound!

 n = 4  l = 3  s = 0.0
        a extr         0.223
        r extr       111.595
        r zero    
        r 90/99 %    118.006 119.491
        WARNING:  This orbital is not bound!

 Total number of iterations needed for electron screening potential is 15



 C  output data for orbitals
 ----------------------------

 nl    s      occ         eigenvalue    kinetic energy      pot energy

 1s   0.0    2.0000     -19.89570499      31.42793837     -67.23756235
 2s   0.0    2.0000      -1.00194943       3.29299206     -11.01409737
 2p   0.0    2.0000      -0.39859849       2.46684612      -9.25840511
 3d   0.0    0.0000       0.00000000       0.00141268      -0.11802569
 4f   0.0    0.0000       0.00000000       0.00244731      -0.11410612


 total energies
 --------------

 sum of eigenvalues        =      -42.59250582
 kinetic energy from ek    =       74.37555310
 el-ion interaction energy =     -175.02012966
 el-el  interaction energy =       35.24955810
 vxc    correction         =      -12.44704329
 virial correction         =        0.47288762
 exchange + corr energy    =       -9.45350437
 kinetic energy from ev    =       74.37555094
 potential energy          =     -149.22407594
 ---------------------------------------------
 total energy              =      -74.84852500


 virial theorem(nonrelativistic)
 --------------

 kinetic energy  *  2      =      148.75110188
 potential energy          =     -149.22407594
 virial correction         =        0.47288762
 ---------------------------------------------
 virial sum                =       -0.00008644


 C  pseudopotential generation: Troullier-Martins                       

 nl    s    eigenvalue      rc          cdrc       delta                       

 Core radius ( 1.25) outside wfn extremum ( 1.22)
 1s   0.0   -1.001949    1.246587    0.360770   -0.488013
 Core radius ( 1.25) outside wfn extremum ( 1.19)
 2p   0.0   -0.398598    1.246587    0.337930    1.009600
 3d   0.0    0.000000    1.246587    0.000000  -12.958404
 4f   0.0    0.000000    1.246587    0.000000  -18.608235


 The Fourier(q^2/(4pi*zion)*V(q)) absolute area for l=0 is   4.833338
 The Fourier(q^2/(4pi*zion)*V(q)) absolute area for l=1 is   6.200745
 The Fourier(q^2/(4pi*zion)*V(q)) absolute area for l=2 is   4.323735
 The Fourier(q^2/(4pi*zion)*V(q)) absolute area for l=3 is   3.760655



 n = 1  l = 0  s = 0.0
        a extr         0.815
        r extr         1.216
        r zero    
        r 90/99 %      2.542   3.889

 n = 2  l = 1  s = 0.0
        a extr         0.707
        r extr         1.191
        r zero    
        r 90/99 %      3.144   5.120

 n = 3  l = 2  s = 0.0
        a extr         0.205
        r extr       111.620
        r zero    
        r 90/99 %    118.006 119.491
        WARNING:  This orbital is not bound!

 n = 4  l = 3  s = 0.0
        a extr         0.223
        r extr       111.595
        r zero    
        r 90/99 %    118.006 119.491
        WARNING:  This orbital is not bound!


 test of eigenvalues

 rcut =  s   1.23  p   1.22  d   1.20  f   1.20
 eval =  -1.00193  -0.39858   0.00000   0.00000



 l    vps(0)    vpsmin      at r

 s    -1.890    -8.558     0.923
 p   -22.400   -22.400     0.000
 d   -17.277   -17.277     0.000
 f   -15.616   -15.616     0.000


 C  output data for orbitals
 ----------------------------

 nl    s      occ         eigenvalue    kinetic energy      pot energy

 2s   0.0    2.0000      -1.00193175       0.83899901      -5.38595957
 2p   0.0    2.0000      -0.39858294       2.37880697      -6.17121428
 3d   0.0    0.0000       0.00000000       0.00141268      -0.07868379
 4f   0.0    0.0000       0.00000000       0.00244731      -0.07607075


 total energies
 --------------

 sum of eigenvalues        =       -2.80102937
 kinetic energy from ek    =        6.43561197
 el-ion interaction energy =      -23.11434770
 el-el  interaction energy =        8.72841285
 vxc    correction         =       -3.57907506
 virial correction         =        0.22630814
 exchange + corr energy    =       -2.74088333
 kinetic energy from ev    =        6.43556769
 potential energy          =      -17.12681818
 ---------------------------------------------
 total energy              =      -10.69125048


 virial theorem(nonrelativistic)
 --------------

 kinetic energy  *  2      =       12.87113538
 potential energy          =      -17.12681818
 virial correction         =        0.22630814
 ---------------------------------------------
 virial sum                =       -4.02937465


%%%%%%%%%%%%%%%%%%%%%%%%%%%%%%%%%%%%%%%%%%%%%%%%%%%%%%%%%%%%




 The total time for the calculation is     10.19725 seconds
